Arguments: 
  A:\run\node.exe C:\Users\Administrator\AppData\Roaming\npm\node_modules\yarn\bin\yarn.js add ejs --save-dev

PATH: 
  A:\run\WebStorm 2019.2\jbr\\bin;A:\run\WebStorm 2019.2\jbr\\bin\server;C:\windows\system32;C:\windows;C:\windows\System32\Wbem;C:\windows\System32\WindowsPowerShell\v1.0\;C:\windows\System32\OpenSSH\;A:\run\;A:\run\Git\cmd;C:\Users\Administrator\AppData\Local\Microsoft\WindowsApps;C:\Users\Administrator\AppData\Roaming\npm

Yarn version: 
  1.17.3

Node version: 
  10.16.0

Platform: 
  win32 x64

Trace: 
  Error: EPERM: operation not permitted, unlink 'C:\Users\Administrator\AppData\Local\Yarn\Cache\v4\npm-yarn-1.17.3-60e0b77d079eb78e753bb616f7592b51b6a9adce\node_modules\yarn\.yarn-tarball.tgz'

npm manifest: 
  {
    "name": "toapp",
    "version": "1.0.0",
    "description": "",
    "main": "index.js",
    "scripts": {
      "test": "echo \"Error: no test specified\" && exit 1"
    },
    "author": "陈俊飞",
    "license": "ISC",
    "dependencies": {
      "yarn": "^1.17.3"
    }
  }

yarn manifest: 
  No manifest

Lockfile: 
  No lockfile
